::1 - - [12/Jun/2023:09:48:35 +0000] "GET / HTTP/1.1" 404 139
::1 - - [12/Jun/2023:09:48:35 +0000] "GET / HTTP/1.1" 404 139
::1 - - [12/Jun/2023:09:48:51 +0000] "GET / HTTP/1.1" 404 139
::1 - - [12/Jun/2023:09:49:33 +0000] "GET / HTTP/1.1" 404 139
::1 - - [12/Jun/2023:09:50:40 +0000] "GET /api HTTP/1.1" 404 142
::1 - - [12/Jun/2023:12:08:25 +0000] "GET / HTTP/1.1" 404 139
::1 - - [12/Jun/2023:12:09:10 +0000] "GET / HTTP/1.1" 404 139
::1 - - [12/Jun/2023:12:09:14 +0000] "GET / HTTP/1.1" 404 139
::1 - - [12/Jun/2023:12:10:09 +0000] "GET /api HTTP/1.1" 404 142
::1 - - [12/Jun/2023:12:11:16 +0000] "PUT / HTTP/1.1" 404 139
::1 - - [12/Jun/2023:12:11:33 +0000] "PUT /api HTTP/1.1" 404 142
::1 - - [12/Jun/2023:12:12:00 +0000] "PUT /api/ HTTP/1.1" 404 143
::1 - - [12/Jun/2023:12:13:10 +0000] "PUT /api HTTP/1.1" 404 142
::1 - - [12/Jun/2023:12:13:43 +0000] "PUT /api HTTP/1.1" 404 142
::1 - - [12/Jun/2023:12:14:10 +0000] "PUT /api HTTP/1.1" 404 142
::1 - - [12/Jun/2023:12:15:30 +0000] "PUT /api HTTP/1.1" 404 142
::1 - - [12/Jun/2023:12:48:19 +0000] "POST /api HTTP/1.1" 404 143
::1 - - [12/Jun/2023:12:48:41 +0000] "POST /api/ HTTP/1.1" 404 144
::1 - - [12/Jun/2023:12:49:33 +0000] "POST /api/ HTTP/1.1" 404 144
::1 - - [12/Jun/2023:12:50:12 +0000] "POST /api/ HTTP/1.1" 500 2
::1 - - [12/Jun/2023:12:59:37 +0000] "POST /api/ HTTP/1.1" 200 765
::1 - - [12/Jun/2023:13:01:44 +0000] "POST /api/ HTTP/1.1" 200 764
::1 - - [12/Jun/2023:13:02:06 +0000] "POST /api/ HTTP/1.1" 200 764
::1 - - [12/Jun/2023:13:02:27 +0000] "POST /api/ HTTP/1.1" 200 764
::1 - - [12/Jun/2023:13:10:37 +0000] "POST /api/ HTTP/1.1" 500 2
::1 - - [12/Jun/2023:13:10:47 +0000] "POST /api/ HTTP/1.1" 500 2
::1 - - [12/Jun/2023:13:11:02 +0000] "POST /api/ HTTP/1.1" 500 2
::1 - - [12/Jun/2023:13:13:40 +0000] "POST /api/ HTTP/1.1" 200 764
::1 - - [12/Jun/2023:13:14:46 +0000] "POST /api/ HTTP/1.1" 200 764
::1 - - [12/Jun/2023:13:16:27 +0000] "POST /api/ HTTP/1.1" 200 764
::1 - - [12/Jun/2023:13:18:01 +0000] "POST /api/ HTTP/1.1" 200 13
::1 - - [12/Jun/2023:14:17:28 +0000] "POST /api/goods HTTP/1.1" 200 13
::1 - - [12/Jun/2023:14:18:02 +0000] "POST /api/shops HTTP/1.1" 200 13
::1 - - [12/Jun/2023:14:18:07 +0000] "POST /api/menu HTTP/1.1" 200 13
::1 - - [12/Jun/2023:14:27:33 +0000] "GET /api/goods/getGoods HTTP/1.1" 200 2507
::1 - - [12/Jun/2023:14:45:16 +0000] "GET /api/menu/getMenu HTTP/1.1" 404 155
::1 - - [12/Jun/2023:14:48:22 +0000] "GET /api/menu/getMenu HTTP/1.1" 404 155
::1 - - [12/Jun/2023:14:49:21 +0000] "GET /api/menu/getMenu HTTP/1.1" 404 155
::1 - - [12/Jun/2023:14:50:03 +0000] "GET /api/menu/getMenu HTTP/1.1" 200 149
::1 - - [12/Jun/2023:14:57:19 +0000] "OPTIONS /api/menu/getMenu HTTP/1.1" 204 0
::1 - - [12/Jun/2023:14:57:19 +0000] "GET /api/menu/getMenu HTTP/1.1" 200 149
::1 - - [12/Jun/2023:14:57:21 +0000] "GET /api/menu/getMenu HTTP/1.1" 304 -
::1 - - [12/Jun/2023:14:57:43 +0000] "OPTIONS /api/menu/getMenu HTTP/1.1" 204 0
::1 - - [12/Jun/2023:14:57:43 +0000] "GET /api/menu/getMenu HTTP/1.1" 304 -
::1 - - [12/Jun/2023:14:58:33 +0000] "OPTIONS /api/menu/getMenu HTTP/1.1" 204 0
::1 - - [12/Jun/2023:14:58:33 +0000] "GET /api/menu/getMenu HTTP/1.1" 304 -
::1 - - [12/Jun/2023:15:08:26 +0000] "OPTIONS /api/menu/getMenu HTTP/1.1" 204 0
::1 - - [12/Jun/2023:15:08:26 +0000] "GET /api/menu/getMenu HTTP/1.1" 304 -
::1 - - [12/Jun/2023:15:08:38 +0000] "OPTIONS /api/menu/getMenu HTTP/1.1" 204 0
::1 - - [12/Jun/2023:15:08:38 +0000] "GET /api/menu/getMenu HTTP/1.1" 304 -
::1 - - [12/Jun/2023:15:09:16 +0000] "OPTIONS /api/menu/getMenu HTTP/1.1" 204 0
::1 - - [12/Jun/2023:15:09:16 +0000] "GET /api/menu/getMenu HTTP/1.1" 304 -
::1 - - [12/Jun/2023:15:09:42 +0000] "OPTIONS /api/menu/getMenu HTTP/1.1" 204 0
::1 - - [12/Jun/2023:15:09:42 +0000] "GET /api/menu/getMenu HTTP/1.1" 304 -
::1 - - [12/Jun/2023:15:09:48 +0000] "OPTIONS /api/menu/getMenu HTTP/1.1" 204 0
::1 - - [12/Jun/2023:15:09:48 +0000] "GET /api/menu/getMenu HTTP/1.1" 304 -
::1 - - [12/Jun/2023:15:10:03 +0000] "OPTIONS /api/menu/getMenu HTTP/1.1" 204 0
::1 - - [12/Jun/2023:15:10:03 +0000] "GET /api/menu/getMenu HTTP/1.1" 304 -
::1 - - [12/Jun/2023:15:10:20 +0000] "OPTIONS /api/menu/getMenu HTTP/1.1" 204 0
::1 - - [12/Jun/2023:15:10:20 +0000] "GET /api/menu/getMenu HTTP/1.1" 304 -
::1 - - [12/Jun/2023:15:11:30 +0000] "OPTIONS /api/menu/getMenu HTTP/1.1" 204 0
::1 - - [12/Jun/2023:15:11:30 +0000] "GET /api/menu/getMenu HTTP/1.1" 304 -
::1 - - [12/Jun/2023:15:11:40 +0000] "GET /api/shops/getShops HTTP/1.1" 404 157
::1 - - [12/Jun/2023:15:12:14 +0000] "GET /api/shops/getShops HTTP/1.1" 404 157
::1 - - [12/Jun/2023:15:12:24 +0000] "GET /api/shops/getShops HTTP/1.1" 404 157
::1 - - [12/Jun/2023:15:13:31 +0000] "GET /api/shops/getShops HTTP/1.1" 404 157
::1 - - [12/Jun/2023:15:14:46 +0000] "GET /api/shops/getShops HTTP/1.1" 404 157
::1 - - [12/Jun/2023:15:16:45 +0000] "GET /api/goods/getGoods HTTP/1.1" 200 2507
::1 - - [12/Jun/2023:15:18:50 +0000] "OPTIONS /api/menu/getMenu HTTP/1.1" 204 0
::1 - - [12/Jun/2023:15:18:50 +0000] "OPTIONS /api/goods/getGoods HTTP/1.1" 204 0
::1 - - [12/Jun/2023:15:18:50 +0000] "GET /api/goods/getGoods HTTP/1.1" 200 2507
::1 - - [12/Jun/2023:15:18:50 +0000] "GET /api/menu/getMenu HTTP/1.1" 304 -
::1 - - [12/Jun/2023:15:19:15 +0000] "OPTIONS /api/menu/getMenu HTTP/1.1" 204 0
::1 - - [12/Jun/2023:15:19:15 +0000] "OPTIONS /api/goods/getGoods HTTP/1.1" 204 0
::1 - - [12/Jun/2023:15:19:15 +0000] "GET /api/menu/getMenu HTTP/1.1" 304 -
::1 - - [12/Jun/2023:15:19:15 +0000] "GET /api/goods/getGoods HTTP/1.1" 304 -
::1 - - [12/Jun/2023:15:19:21 +0000] "OPTIONS /api/menu/getMenu HTTP/1.1" 204 0
::1 - - [12/Jun/2023:15:19:21 +0000] "OPTIONS /api/goods/getGoods HTTP/1.1" 204 0
::1 - - [12/Jun/2023:15:19:21 +0000] "GET /api/menu/getMenu HTTP/1.1" 304 -
::1 - - [12/Jun/2023:15:19:21 +0000] "GET /api/goods/getGoods HTTP/1.1" 304 -
::1 - - [12/Jun/2023:15:23:37 +0000] "GET /api/shops/getShops HTTP/1.1" 404 157
::1 - - [12/Jun/2023:15:25:07 +0000] "GET /api/shops/getShops HTTP/1.1" 404 157
::1 - - [12/Jun/2023:15:26:11 +0000] "GET /api/shops/getShops HTTP/1.1" - -
::1 - - [12/Jun/2023:15:26:31 +0000] "GET /api/shops/getShops HTTP/1.1" - -
::1 - - [12/Jun/2023:15:27:12 +0000] "GET /api/shops/getShops HTTP/1.1" 404 157
::1 - - [12/Jun/2023:15:27:46 +0000] "GET /api/shops/getShops HTTP/1.1" 404 157
::1 - - [12/Jun/2023:15:28:03 +0000] "GET /api/shops/getShops HTTP/1.1" 200 224
::1 - - [12/Jun/2023:16:08:15 +0000] "GET /api/shops/getShops HTTP/1.1" 200 224
::1 - - [12/Jun/2023:16:09:23 +0000] "GET /api/shops/ HTTP/1.1" 404 149
::1 - - [12/Jun/2023:16:09:26 +0000] "GET /api/shops HTTP/1.1" 404 148
::1 - - [12/Jun/2023:16:09:54 +0000] "GET /api/shops HTTP/1.1" 404 148
::1 - - [12/Jun/2023:16:10:01 +0000] "POST /api/shops HTTP/1.1" 200 13
::1 - - [12/Jun/2023:16:11:10 +0000] "POST /api/shops/getShops HTTP/1.1" 404 158
::1 - - [12/Jun/2023:16:11:15 +0000] "GET /api/shops/getShops HTTP/1.1" 200 236
::1 - - [12/Jun/2023:16:14:38 +0000] "OPTIONS /api/goods/getGoods HTTP/1.1" 204 0
::1 - - [12/Jun/2023:16:14:38 +0000] "OPTIONS /api/menu/getMenu HTTP/1.1" 204 0
::1 - - [12/Jun/2023:16:14:38 +0000] "GET /api/menu/getMenu HTTP/1.1" 304 -
::1 - - [12/Jun/2023:16:14:38 +0000] "GET /api/goods/getGoods HTTP/1.1" 304 -
::1 - - [12/Jun/2023:16:14:54 +0000] "OPTIONS /api/goods/getGoods HTTP/1.1" 204 0
::1 - - [12/Jun/2023:16:14:54 +0000] "OPTIONS /api/menu/getMenu HTTP/1.1" 204 0
::1 - - [12/Jun/2023:16:14:54 +0000] "GET /api/goods/getGoods HTTP/1.1" 304 -
::1 - - [12/Jun/2023:16:14:54 +0000] "GET /api/menu/getMenu HTTP/1.1" 304 -
::1 - - [12/Jun/2023:16:15:12 +0000] "OPTIONS /api/menu/getMenu HTTP/1.1" 204 0
::1 - - [12/Jun/2023:16:15:12 +0000] "OPTIONS /api/goods/getGoods HTTP/1.1" 204 0
::1 - - [12/Jun/2023:16:15:12 +0000] "GET /api/menu/getMenu HTTP/1.1" 304 -
::1 - - [12/Jun/2023:16:15:12 +0000] "GET /api/goods/getGoods HTTP/1.1" 304 -
::1 - - [12/Jun/2023:16:15:28 +0000] "OPTIONS /api/menu/getMenu HTTP/1.1" 204 0
::1 - - [12/Jun/2023:16:15:28 +0000] "OPTIONS /api/goods/getGoods HTTP/1.1" 204 0
::1 - - [12/Jun/2023:16:15:28 +0000] "GET /api/menu/getMenu HTTP/1.1" 304 -
::1 - - [12/Jun/2023:16:15:28 +0000] "GET /api/goods/getGoods HTTP/1.1" 304 -
::1 - - [12/Jun/2023:16:15:31 +0000] "GET /api/menu/getMenu HTTP/1.1" 304 -
::1 - - [12/Jun/2023:16:15:31 +0000] "GET /api/goods/getGoods HTTP/1.1" 304 -
::1 - - [12/Jun/2023:16:15:42 +0000] "OPTIONS /api/menu/getMenu HTTP/1.1" 204 0
::1 - - [12/Jun/2023:16:15:42 +0000] "OPTIONS /api/goods/getGoods HTTP/1.1" 204 0
::1 - - [12/Jun/2023:16:15:42 +0000] "GET /api/menu/getMenu HTTP/1.1" 304 -
::1 - - [12/Jun/2023:16:15:42 +0000] "GET /api/goods/getGoods HTTP/1.1" 304 -
::1 - - [12/Jun/2023:16:16:22 +0000] "OPTIONS /api/menu/getMenu HTTP/1.1" 204 0
::1 - - [12/Jun/2023:16:16:22 +0000] "OPTIONS /api/goods/getGoods HTTP/1.1" 204 0
::1 - - [12/Jun/2023:16:16:22 +0000] "GET /api/menu/getMenu HTTP/1.1" 304 -
::1 - - [12/Jun/2023:16:16:22 +0000] "GET /api/goods/getGoods HTTP/1.1" 304 -
::1 - - [12/Jun/2023:16:16:58 +0000] "OPTIONS /api/menu/getMenu HTTP/1.1" 204 0
::1 - - [12/Jun/2023:16:16:58 +0000] "OPTIONS /api/goods/getGoods HTTP/1.1" 204 0
::1 - - [12/Jun/2023:16:16:58 +0000] "GET /api/menu/getMenu HTTP/1.1" 304 -
::1 - - [12/Jun/2023:16:16:58 +0000] "GET /api/goods/getGoods HTTP/1.1" 304 -
::1 - - [12/Jun/2023:16:17:32 +0000] "OPTIONS /api/menu/getMenu HTTP/1.1" 204 0
::1 - - [12/Jun/2023:16:17:32 +0000] "OPTIONS /api/goods/getGoods HTTP/1.1" 204 0
::1 - - [12/Jun/2023:16:17:32 +0000] "GET /api/goods/getGoods HTTP/1.1" 304 -
::1 - - [12/Jun/2023:16:17:33 +0000] "GET /api/menu/getMenu HTTP/1.1" 304 -
::1 - - [12/Jun/2023:16:17:36 +0000] "GET /api/menu/getMenu HTTP/1.1" 304 -
::1 - - [12/Jun/2023:16:17:36 +0000] "GET /api/goods/getGoods HTTP/1.1" 304 -
::1 - - [12/Jun/2023:16:18:13 +0000] "OPTIONS /api/menu/getMenu HTTP/1.1" 204 0
::1 - - [12/Jun/2023:16:18:13 +0000] "OPTIONS /api/goods/getGoods HTTP/1.1" 204 0
::1 - - [12/Jun/2023:16:18:13 +0000] "GET /api/menu/getMenu HTTP/1.1" 304 -
::1 - - [12/Jun/2023:16:18:13 +0000] "GET /api/goods/getGoods HTTP/1.1" 304 -
::1 - - [12/Jun/2023:16:19:00 +0000] "OPTIONS /api/shops/getShops HTTP/1.1" 204 0
::1 - - [12/Jun/2023:16:19:00 +0000] "OPTIONS /api/menu/getMenu HTTP/1.1" 204 0
::1 - - [12/Jun/2023:16:19:00 +0000] "OPTIONS /api/goods/getGoods HTTP/1.1" 204 0
::1 - - [12/Jun/2023:16:19:00 +0000] "GET /api/shops/getShops HTTP/1.1" 200 236
::1 - - [12/Jun/2023:16:19:00 +0000] "GET /api/menu/getMenu HTTP/1.1" 304 -
::1 - - [12/Jun/2023:16:19:01 +0000] "GET /api/goods/getGoods HTTP/1.1" 304 -
::1 - - [12/Jun/2023:16:19:04 +0000] "GET /api/goods/getGoods HTTP/1.1" 304 -
::1 - - [12/Jun/2023:16:19:08 +0000] "OPTIONS /api/menu/getMenu HTTP/1.1" 204 0
::1 - - [12/Jun/2023:16:19:08 +0000] "OPTIONS /api/shops/getShops HTTP/1.1" 204 0
::1 - - [12/Jun/2023:16:19:08 +0000] "OPTIONS /api/goods/getGoods HTTP/1.1" 204 0
::1 - - [12/Jun/2023:16:19:08 +0000] "GET /api/shops/getShops HTTP/1.1" 304 -
::1 - - [12/Jun/2023:16:19:08 +0000] "GET /api/menu/getMenu HTTP/1.1" 304 -
::1 - - [12/Jun/2023:16:19:08 +0000] "GET /api/goods/getGoods HTTP/1.1" 304 -
::1 - - [12/Jun/2023:16:19:09 +0000] "GET /api/goods/getGoods HTTP/1.1" 304 -
::1 - - [12/Jun/2023:16:19:52 +0000] "OPTIONS /api/menu/getMenu HTTP/1.1" 204 0
::1 - - [12/Jun/2023:16:19:52 +0000] "OPTIONS /api/shops/getShops HTTP/1.1" 204 0
::1 - - [12/Jun/2023:16:19:52 +0000] "OPTIONS /api/goods/getGoods HTTP/1.1" 204 0
::1 - - [12/Jun/2023:16:19:52 +0000] "GET /api/menu/getMenu HTTP/1.1" 304 -
::1 - - [12/Jun/2023:16:19:52 +0000] "GET /api/shops/getShops HTTP/1.1" 304 -
::1 - - [12/Jun/2023:16:19:52 +0000] "GET /api/goods/getGoods HTTP/1.1" 304 -
::1 - - [12/Jun/2023:16:19:54 +0000] "GET /api/goods/getGoods HTTP/1.1" 304 -
::1 - - [12/Jun/2023:16:20:48 +0000] "OPTIONS /api/menu/getMenu HTTP/1.1" 204 0
::1 - - [12/Jun/2023:16:20:48 +0000] "OPTIONS /api/shops/getShops HTTP/1.1" 204 0
::1 - - [12/Jun/2023:16:20:48 +0000] "OPTIONS /api/goods/getGoods HTTP/1.1" 204 0
::1 - - [12/Jun/2023:16:20:48 +0000] "GET /api/goods/getGoods HTTP/1.1" 304 -
::1 - - [12/Jun/2023:16:20:48 +0000] "GET /api/menu/getMenu HTTP/1.1" 304 -
::1 - - [12/Jun/2023:16:20:48 +0000] "GET /api/shops/getShops HTTP/1.1" 304 -
::1 - - [12/Jun/2023:16:20:52 +0000] "GET /api/shops/getShops HTTP/1.1" 304 -
::1 - - [12/Jun/2023:16:20:52 +0000] "GET /api/menu/getMenu HTTP/1.1" 304 -
::1 - - [12/Jun/2023:16:20:52 +0000] "GET /api/goods/getGoods HTTP/1.1" 304 -
::1 - - [12/Jun/2023:16:21:44 +0000] "OPTIONS /api/menu/getMenu HTTP/1.1" 204 0
::1 - - [12/Jun/2023:16:21:44 +0000] "OPTIONS /api/shops/getShops HTTP/1.1" 204 0
::1 - - [12/Jun/2023:16:21:44 +0000] "OPTIONS /api/goods/getGoods HTTP/1.1" 204 0
::1 - - [12/Jun/2023:16:21:44 +0000] "GET /api/menu/getMenu HTTP/1.1" 304 -
::1 - - [12/Jun/2023:16:21:44 +0000] "GET /api/shops/getShops HTTP/1.1" 304 -
::1 - - [12/Jun/2023:16:21:44 +0000] "GET /api/goods/getGoods HTTP/1.1" 304 -
::1 - - [12/Jun/2023:16:22:43 +0000] "POST /api/menu HTTP/1.1" 200 13
::1 - - [12/Jun/2023:16:23:24 +0000] "OPTIONS /api/menu/getMenu HTTP/1.1" 204 0
::1 - - [12/Jun/2023:16:23:24 +0000] "OPTIONS /api/shops/getShops HTTP/1.1" 204 0
::1 - - [12/Jun/2023:16:23:24 +0000] "OPTIONS /api/goods/getGoods HTTP/1.1" 204 0
::1 - - [12/Jun/2023:16:23:24 +0000] "GET /api/goods/getGoods HTTP/1.1" 304 -
::1 - - [12/Jun/2023:16:23:24 +0000] "GET /api/shops/getShops HTTP/1.1" 304 -
::1 - - [12/Jun/2023:16:23:24 +0000] "GET /api/menu/getMenu HTTP/1.1" 200 157
::1 - - [12/Jun/2023:16:32:36 +0000] "POST /api/totalInfo/getTotalInfo HTTP/1.1" 404 166
::1 - - [12/Jun/2023:16:32:42 +0000] "GET /api/totalInfo/getTotalInfo HTTP/1.1" 200 157
::1 - - [12/Jun/2023:16:55:30 +0000] "OPTIONS /api/menu/getMenu HTTP/1.1" 204 0
::1 - - [12/Jun/2023:16:55:30 +0000] "GET /api/menu/getMenu HTTP/1.1" 404 155
::1 - - [12/Jun/2023:16:55:30 +0000] "OPTIONS /api/shops/getShops HTTP/1.1" 204 0
::1 - - [12/Jun/2023:16:55:30 +0000] "OPTIONS /api/goods/getGoods HTTP/1.1" 204 0
::1 - - [12/Jun/2023:16:55:30 +0000] "GET /api/shops/getShops HTTP/1.1" 304 -
::1 - - [12/Jun/2023:16:55:30 +0000] "GET /api/goods/getGoods HTTP/1.1" 304 -
::1 - - [12/Jun/2023:16:57:47 +0000] "GET /api/menu/getMenu HTTP/1.1" 200 157
::1 - - [12/Jun/2023:16:58:19 +0000] "OPTIONS /api/menu/getMenu HTTP/1.1" 204 0
::1 - - [12/Jun/2023:16:58:19 +0000] "OPTIONS /api/shops/getShops HTTP/1.1" 204 0
::1 - - [12/Jun/2023:16:58:19 +0000] "OPTIONS /api/goods/getGoods HTTP/1.1" 204 0
::1 - - [12/Jun/2023:16:58:19 +0000] "GET /api/menu/getMenu HTTP/1.1" 200 157
::1 - - [12/Jun/2023:16:58:19 +0000] "GET /api/shops/getShops HTTP/1.1" 304 -
::1 - - [12/Jun/2023:16:58:19 +0000] "GET /api/goods/getGoods HTTP/1.1" 304 -
::1 - - [12/Jun/2023:16:58:24 +0000] "GET /api/menu/getMenu HTTP/1.1" 304 -
::1 - - [12/Jun/2023:16:58:24 +0000] "GET /api/shops/getShops HTTP/1.1" 304 -
::1 - - [12/Jun/2023:16:58:24 +0000] "GET /api/goods/getGoods HTTP/1.1" 304 -
::1 - - [12/Jun/2023:16:58:27 +0000] "OPTIONS /api/goods/getGoods HTTP/1.1" 204 0
::1 - - [12/Jun/2023:16:58:28 +0000] "GET /api/goods/getGoods HTTP/1.1" 304 -
::1 - - [12/Jun/2023:16:58:30 +0000] "OPTIONS /api/menu/getMenu HTTP/1.1" 204 0
::1 - - [12/Jun/2023:16:58:30 +0000] "OPTIONS /api/shops/getShops HTTP/1.1" 204 0
::1 - - [12/Jun/2023:16:58:30 +0000] "GET /api/goods/getGoods HTTP/1.1" 304 -
::1 - - [12/Jun/2023:16:58:30 +0000] "GET /api/menu/getMenu HTTP/1.1" 304 -
::1 - - [12/Jun/2023:16:58:30 +0000] "GET /api/shops/getShops HTTP/1.1" 304 -
::1 - - [12/Jun/2023:16:58:31 +0000] "GET /api/goods/getGoods HTTP/1.1" 304 -
::1 - - [12/Jun/2023:16:59:34 +0000] "OPTIONS /api/menu/getMenu HTTP/1.1" 204 0
::1 - - [12/Jun/2023:16:59:34 +0000] "OPTIONS /api/shops/getShops HTTP/1.1" 204 0
::1 - - [12/Jun/2023:16:59:34 +0000] "OPTIONS /api/goods/getGoods HTTP/1.1" 204 0
::1 - - [12/Jun/2023:16:59:34 +0000] "GET /api/menu/getMenu HTTP/1.1" 304 -
::1 - - [12/Jun/2023:16:59:34 +0000] "GET /api/shops/getShops HTTP/1.1" 304 -
::1 - - [12/Jun/2023:16:59:34 +0000] "GET /api/goods/getGoods HTTP/1.1" 304 -
::1 - - [12/Jun/2023:17:00:35 +0000] "OPTIONS /api/menu/getMenu HTTP/1.1" 204 0
::1 - - [12/Jun/2023:17:00:35 +0000] "OPTIONS /api/shops/getShops HTTP/1.1" 204 0
::1 - - [12/Jun/2023:17:00:35 +0000] "OPTIONS /api/goods/getGoods HTTP/1.1" 204 0
::1 - - [12/Jun/2023:17:00:35 +0000] "GET /api/menu/getMenu HTTP/1.1" 304 -
::1 - - [12/Jun/2023:17:00:35 +0000] "GET /api/shops/getShops HTTP/1.1" 304 -
::1 - - [12/Jun/2023:17:00:35 +0000] "GET /api/goods/getGoods HTTP/1.1" 304 -
::1 - - [12/Jun/2023:17:00:42 +0000] "OPTIONS /api/goods/getGoods HTTP/1.1" 204 0
::1 - - [12/Jun/2023:17:00:42 +0000] "GET /api/goods/getGoods HTTP/1.1" 304 -
::1 - - [12/Jun/2023:17:03:45 +0000] "OPTIONS /api/menu/getMenu HTTP/1.1" 204 0
::1 - - [12/Jun/2023:17:03:45 +0000] "OPTIONS /api/shops/getShops HTTP/1.1" 204 0
::1 - - [12/Jun/2023:17:03:45 +0000] "OPTIONS /api/goods/getGoods HTTP/1.1" 204 0
::1 - - [12/Jun/2023:17:03:45 +0000] "GET /api/menu/getMenu HTTP/1.1" 304 -
::1 - - [12/Jun/2023:17:03:45 +0000] "GET /api/shops/getShops HTTP/1.1" 304 -
::1 - - [12/Jun/2023:17:03:45 +0000] "GET /api/goods/getGoods HTTP/1.1" 304 -
::1 - - [12/Jun/2023:17:06:05 +0000] "OPTIONS /api/menu/getMenu HTTP/1.1" 204 0
::1 - - [12/Jun/2023:17:06:05 +0000] "OPTIONS /api/shops/getShops HTTP/1.1" 204 0
::1 - - [12/Jun/2023:17:06:05 +0000] "OPTIONS /api/goods/getGoods HTTP/1.1" 204 0
::1 - - [12/Jun/2023:17:06:05 +0000] "GET /api/shops/getShops HTTP/1.1" 304 -
::1 - - [12/Jun/2023:17:06:05 +0000] "GET /api/menu/getMenu HTTP/1.1" 304 -
::1 - - [12/Jun/2023:17:06:05 +0000] "GET /api/goods/getGoods HTTP/1.1" 304 -
::1 - - [12/Jun/2023:17:06:07 +0000] "GET /api/goods/getGoods HTTP/1.1" 304 -
::1 - - [12/Jun/2023:17:23:30 +0000] "OPTIONS /api/menu/getMenu HTTP/1.1" 204 0
::1 - - [12/Jun/2023:17:23:30 +0000] "OPTIONS /api/shops/getShops HTTP/1.1" 204 0
::1 - - [12/Jun/2023:17:23:30 +0000] "OPTIONS /api/goods/getGoods HTTP/1.1" 204 0
::1 - - [12/Jun/2023:17:23:30 +0000] "GET /api/menu/getMenu HTTP/1.1" 304 -
::1 - - [12/Jun/2023:17:23:30 +0000] "GET /api/shops/getShops HTTP/1.1" 304 -
::1 - - [12/Jun/2023:17:23:30 +0000] "GET /api/goods/getGoods HTTP/1.1" 304 -
::1 - - [12/Jun/2023:17:23:56 +0000] "OPTIONS /api/totalInfo/saveTotalInfo HTTP/1.1" 204 0
::1 - - [12/Jun/2023:17:23:56 +0000] "GET /api/totalInfo/saveTotalInfo HTTP/1.1" 404 166
::1 - - [12/Jun/2023:17:24:50 +0000] "OPTIONS /api/menu/getMenu HTTP/1.1" 204 0
::1 - - [12/Jun/2023:17:24:50 +0000] "OPTIONS /api/shops/getShops HTTP/1.1" 204 0
::1 - - [12/Jun/2023:17:24:50 +0000] "OPTIONS /api/goods/getGoods HTTP/1.1" 204 0
::1 - - [12/Jun/2023:17:24:50 +0000] "GET /api/menu/getMenu HTTP/1.1" 304 -
::1 - - [12/Jun/2023:17:24:50 +0000] "GET /api/shops/getShops HTTP/1.1" 304 -
::1 - - [12/Jun/2023:17:24:50 +0000] "GET /api/goods/getGoods HTTP/1.1" 304 -
::1 - - [12/Jun/2023:17:25:06 +0000] "OPTIONS /api/totalInfo/saveTotalInfo HTTP/1.1" 204 0
::1 - - [12/Jun/2023:17:25:06 +0000] "POST /api/totalInfo/saveTotalInfo HTTP/1.1" 404 167
::1 - - [12/Jun/2023:17:27:33 +0000] "OPTIONS /api/menu/getMenu HTTP/1.1" 204 0
::1 - - [12/Jun/2023:17:27:33 +0000] "OPTIONS /api/shops/getShops HTTP/1.1" 204 0
::1 - - [12/Jun/2023:17:27:33 +0000] "OPTIONS /api/goods/getGoods HTTP/1.1" 204 0
::1 - - [12/Jun/2023:17:27:33 +0000] "GET /api/shops/getShops HTTP/1.1" 304 -
::1 - - [12/Jun/2023:17:27:33 +0000] "GET /api/goods/getGoods HTTP/1.1" 304 -
::1 - - [12/Jun/2023:17:27:33 +0000] "GET /api/menu/getMenu HTTP/1.1" 304 -
::1 - - [12/Jun/2023:17:27:51 +0000] "OPTIONS /api/totalInfo/saveTotalInfo HTTP/1.1" 204 0
::1 - - [12/Jun/2023:17:27:51 +0000] "POST /api/totalInfo/saveTotalInfo HTTP/1.1" 400 54
::1 - - [12/Jun/2023:17:28:33 +0000] "OPTIONS /api/menu/getMenu HTTP/1.1" 204 0
::1 - - [12/Jun/2023:17:28:33 +0000] "OPTIONS /api/shops/getShops HTTP/1.1" 204 0
::1 - - [12/Jun/2023:17:28:33 +0000] "OPTIONS /api/goods/getGoods HTTP/1.1" 204 0
::1 - - [12/Jun/2023:17:28:33 +0000] "GET /api/menu/getMenu HTTP/1.1" 304 -
::1 - - [12/Jun/2023:17:28:33 +0000] "GET /api/goods/getGoods HTTP/1.1" 304 -
::1 - - [12/Jun/2023:17:28:33 +0000] "GET /api/shops/getShops HTTP/1.1" 304 -
::1 - - [12/Jun/2023:17:29:17 +0000] "OPTIONS /api/menu/getMenu HTTP/1.1" 204 0
::1 - - [12/Jun/2023:17:29:17 +0000] "OPTIONS /api/shops/getShops HTTP/1.1" 204 0
::1 - - [12/Jun/2023:17:29:17 +0000] "OPTIONS /api/goods/getGoods HTTP/1.1" 204 0
::1 - - [12/Jun/2023:17:29:17 +0000] "GET /api/menu/getMenu HTTP/1.1" 304 -
::1 - - [12/Jun/2023:17:29:17 +0000] "GET /api/shops/getShops HTTP/1.1" 304 -
::1 - - [12/Jun/2023:17:29:17 +0000] "GET /api/goods/getGoods HTTP/1.1" 304 -
::1 - - [12/Jun/2023:17:29:33 +0000] "OPTIONS /api/menu/getMenu HTTP/1.1" 204 0
::1 - - [12/Jun/2023:17:29:33 +0000] "OPTIONS /api/shops/getShops HTTP/1.1" 204 0
::1 - - [12/Jun/2023:17:29:33 +0000] "OPTIONS /api/goods/getGoods HTTP/1.1" 204 0
::1 - - [12/Jun/2023:17:29:33 +0000] "GET /api/menu/getMenu HTTP/1.1" 304 -
::1 - - [12/Jun/2023:17:29:33 +0000] "GET /api/shops/getShops HTTP/1.1" 304 -
::1 - - [12/Jun/2023:17:29:33 +0000] "GET /api/goods/getGoods HTTP/1.1" 304 -
::1 - - [12/Jun/2023:17:38:44 +0000] "POST /api/totalInfo/saveTotalInfo HTTP/1.1" 400 56
::1 - - [12/Jun/2023:17:39:42 +0000] "POST /api/totalInfo/saveTotalInfo HTTP/1.1" 400 56
::1 - - [12/Jun/2023:17:45:36 +0000] "POST /api/totalInfo/saveTotalInfo HTTP/1.1" 404 167
::1 - - [12/Jun/2023:17:45:46 +0000] "POST /api/totalInfo/saveTotalInfo HTTP/1.1" 404 167
::1 - - [12/Jun/2023:17:46:08 +0000] "POST /api/totalInfo/saveTotalInfo HTTP/1.1" 400 56
::1 - - [12/Jun/2023:17:46:17 +0000] "POST /api/totalInfo/saveTotalInfo HTTP/1.1" 404 167
::1 - - [12/Jun/2023:17:50:12 +0000] "POST /api/totalInfo/saveTotalInfo HTTP/1.1" 404 167
::1 - - [12/Jun/2023:17:50:54 +0000] "POST /api/totalInfo/saveTotalInfo HTTP/1.1" 404 167
::1 - - [12/Jun/2023:17:51:13 +0000] "POST /api/totalInfo/saveTotalInfo HTTP/1.1" 404 167
::1 - - [12/Jun/2023:17:51:42 +0000] "POST /api/totalInfo/ HTTP/1.1" 500 2
::1 - - [12/Jun/2023:17:52:27 +0000] "POST /api/totalInfo/ HTTP/1.1" 500 2
::1 - - [12/Jun/2023:17:52:45 +0000] "POST /api/totalInfo/ HTTP/1.1" 500 2
::1 - - [12/Jun/2023:17:53:04 +0000] "POST /api/totalInfo/ HTTP/1.1" 500 2
::1 - - [12/Jun/2023:18:03:49 +0000] "POST /api/totalInfo/ HTTP/1.1" 200 2
::1 - - [12/Jun/2023:18:04:59 +0000] "OPTIONS /api/menu/getMenu HTTP/1.1" 204 0
::1 - - [12/Jun/2023:18:04:59 +0000] "OPTIONS /api/shops/getShops HTTP/1.1" 204 0
::1 - - [12/Jun/2023:18:04:59 +0000] "OPTIONS /api/goods/getGoods HTTP/1.1" 204 0
::1 - - [12/Jun/2023:18:04:59 +0000] "GET /api/menu/getMenu HTTP/1.1" 304 -
::1 - - [12/Jun/2023:18:04:59 +0000] "GET /api/goods/getGoods HTTP/1.1" 304 -
::1 - - [12/Jun/2023:18:04:59 +0000] "GET /api/shops/getShops HTTP/1.1" 304 -
::1 - - [12/Jun/2023:18:05:09 +0000] "OPTIONS /api/goods/getGoods HTTP/1.1" 204 0
::1 - - [12/Jun/2023:18:05:09 +0000] "GET /api/goods/getGoods HTTP/1.1" 304 -
::1 - - [12/Jun/2023:18:07:39 +0000] "OPTIONS /api/menu/getMenu HTTP/1.1" 204 0
::1 - - [12/Jun/2023:18:07:39 +0000] "OPTIONS /api/shops/getShops HTTP/1.1" 204 0
::1 - - [12/Jun/2023:18:07:39 +0000] "OPTIONS /api/goods/getGoods HTTP/1.1" 204 0
::1 - - [12/Jun/2023:18:07:39 +0000] "GET /api/menu/getMenu HTTP/1.1" 304 -
::1 - - [12/Jun/2023:18:07:39 +0000] "GET /api/shops/getShops HTTP/1.1" 304 -
::1 - - [12/Jun/2023:18:07:39 +0000] "GET /api/goods/getGoods HTTP/1.1" 304 -
::1 - - [12/Jun/2023:18:08:04 +0000] "OPTIONS /api/totalInfo/ HTTP/1.1" 204 0
::1 - - [12/Jun/2023:18:08:04 +0000] "POST /api/totalInfo/ HTTP/1.1" 400 54
::1 - - [12/Jun/2023:18:09:18 +0000] "OPTIONS /api/menu/getMenu HTTP/1.1" 204 0
::1 - - [12/Jun/2023:18:09:18 +0000] "OPTIONS /api/shops/getShops HTTP/1.1" 204 0
::1 - - [12/Jun/2023:18:09:18 +0000] "OPTIONS /api/goods/getGoods HTTP/1.1" 204 0
::1 - - [12/Jun/2023:18:09:18 +0000] "GET /api/menu/getMenu HTTP/1.1" 304 -
::1 - - [12/Jun/2023:18:09:18 +0000] "GET /api/shops/getShops HTTP/1.1" 304 -
::1 - - [12/Jun/2023:18:09:18 +0000] "GET /api/goods/getGoods HTTP/1.1" 304 -
::1 - - [12/Jun/2023:18:09:28 +0000] "OPTIONS /api/menu/getMenu HTTP/1.1" 204 0
::1 - - [12/Jun/2023:18:09:28 +0000] "OPTIONS /api/shops/getShops HTTP/1.1" 204 0
::1 - - [12/Jun/2023:18:09:28 +0000] "OPTIONS /api/goods/getGoods HTTP/1.1" 204 0
::1 - - [12/Jun/2023:18:09:28 +0000] "GET /api/shops/getShops HTTP/1.1" 304 -
::1 - - [12/Jun/2023:18:09:28 +0000] "GET /api/menu/getMenu HTTP/1.1" 304 -
::1 - - [12/Jun/2023:18:09:28 +0000] "GET /api/goods/getGoods HTTP/1.1" 304 -
::1 - - [12/Jun/2023:18:09:53 +0000] "OPTIONS /api/totalInfo/ HTTP/1.1" 204 0
::1 - - [12/Jun/2023:18:09:53 +0000] "POST /api/totalInfo/ HTTP/1.1" 400 54
::1 - - [12/Jun/2023:18:20:07 +0000] "OPTIONS /api/menu/getMenu HTTP/1.1" 204 0
::1 - - [12/Jun/2023:18:20:07 +0000] "OPTIONS /api/shops/getShops HTTP/1.1" 204 0
::1 - - [12/Jun/2023:18:20:07 +0000] "OPTIONS /api/goods/getGoods HTTP/1.1" 204 0
::1 - - [12/Jun/2023:18:20:07 +0000] "GET /api/menu/getMenu HTTP/1.1" 304 -
::1 - - [12/Jun/2023:18:20:07 +0000] "GET /api/shops/getShops HTTP/1.1" 304 -
::1 - - [12/Jun/2023:18:20:07 +0000] "GET /api/goods/getGoods HTTP/1.1" 304 -
::1 - - [12/Jun/2023:18:20:27 +0000] "OPTIONS /api/totalInfo/ HTTP/1.1" 204 0
::1 - - [12/Jun/2023:18:20:27 +0000] "POST /api/totalInfo/ HTTP/1.1" 400 54
::1 - - [12/Jun/2023:18:28:36 +0000] "OPTIONS /api/menu/getMenu HTTP/1.1" 204 0
::1 - - [12/Jun/2023:18:28:36 +0000] "OPTIONS /api/shops/getShops HTTP/1.1" 204 0
::1 - - [12/Jun/2023:18:28:36 +0000] "OPTIONS /api/goods/getGoods HTTP/1.1" 204 0
::1 - - [12/Jun/2023:18:28:36 +0000] "GET /api/menu/getMenu HTTP/1.1" 304 -
::1 - - [12/Jun/2023:18:28:36 +0000] "GET /api/shops/getShops HTTP/1.1" 304 -
::1 - - [12/Jun/2023:18:28:36 +0000] "GET /api/goods/getGoods HTTP/1.1" 304 -
::1 - - [12/Jun/2023:18:29:01 +0000] "OPTIONS /api/totalInfo/ HTTP/1.1" 204 0
::1 - - [12/Jun/2023:18:29:01 +0000] "POST /api/totalInfo/ HTTP/1.1" 400 54
::1 - - [12/Jun/2023:18:32:10 +0000] "OPTIONS /api/menu/getMenu HTTP/1.1" 204 0
::1 - - [12/Jun/2023:18:32:10 +0000] "OPTIONS /api/shops/getShops HTTP/1.1" 204 0
::1 - - [12/Jun/2023:18:32:10 +0000] "OPTIONS /api/goods/getGoods HTTP/1.1" 204 0
::1 - - [12/Jun/2023:18:32:10 +0000] "GET /api/menu/getMenu HTTP/1.1" 304 -
::1 - - [12/Jun/2023:18:32:10 +0000] "GET /api/goods/getGoods HTTP/1.1" 304 -
::1 - - [12/Jun/2023:18:32:10 +0000] "GET /api/shops/getShops HTTP/1.1" 304 -
::1 - - [12/Jun/2023:18:35:15 +0000] "OPTIONS /api/totalInfo/ HTTP/1.1" 204 0
::1 - - [12/Jun/2023:18:35:15 +0000] "POST /api/totalInfo/ HTTP/1.1" 400 54
::1 - - [12/Jun/2023:18:42:28 +0000] "OPTIONS /api/menu/getMenu HTTP/1.1" 204 0
::1 - - [12/Jun/2023:18:42:28 +0000] "OPTIONS /api/shops/getShops HTTP/1.1" 204 0
::1 - - [12/Jun/2023:18:42:28 +0000] "OPTIONS /api/goods/getGoods HTTP/1.1" 204 0
::1 - - [12/Jun/2023:18:42:28 +0000] "GET /api/menu/getMenu HTTP/1.1" 304 -
::1 - - [12/Jun/2023:18:42:28 +0000] "GET /api/shops/getShops HTTP/1.1" 304 -
::1 - - [12/Jun/2023:18:42:28 +0000] "GET /api/goods/getGoods HTTP/1.1" 304 -
::1 - - [12/Jun/2023:18:42:52 +0000] "OPTIONS /api/totalInfo/ HTTP/1.1" 204 0
::1 - - [12/Jun/2023:18:42:52 +0000] "POST /api/totalInfo/ HTTP/1.1" 400 54
::1 - - [12/Jun/2023:18:50:36 +0000] "OPTIONS /api/menu/getMenu HTTP/1.1" 204 0
::1 - - [12/Jun/2023:18:50:36 +0000] "OPTIONS /api/shops/getShops HTTP/1.1" 204 0
::1 - - [12/Jun/2023:18:50:36 +0000] "OPTIONS /api/goods/getGoods HTTP/1.1" 204 0
::1 - - [12/Jun/2023:18:50:36 +0000] "GET /api/menu/getMenu HTTP/1.1" 304 -
::1 - - [12/Jun/2023:18:50:36 +0000] "GET /api/shops/getShops HTTP/1.1" 304 -
::1 - - [12/Jun/2023:18:50:36 +0000] "GET /api/goods/getGoods HTTP/1.1" 304 -
::1 - - [12/Jun/2023:18:50:56 +0000] "OPTIONS /api/totalInfo/ HTTP/1.1" 204 0
::1 - - [12/Jun/2023:18:50:56 +0000] "POST /api/totalInfo/ HTTP/1.1" 400 54
::1 - - [12/Jun/2023:18:57:49 +0000] "OPTIONS /api/menu/getMenu HTTP/1.1" 204 0
::1 - - [12/Jun/2023:18:57:49 +0000] "OPTIONS /api/shops/getShops HTTP/1.1" 204 0
::1 - - [12/Jun/2023:18:57:49 +0000] "OPTIONS /api/goods/getGoods HTTP/1.1" 204 0
::1 - - [12/Jun/2023:18:57:49 +0000] "GET /api/menu/getMenu HTTP/1.1" 304 -
::1 - - [12/Jun/2023:18:57:49 +0000] "GET /api/goods/getGoods HTTP/1.1" 304 -
::1 - - [12/Jun/2023:18:57:49 +0000] "GET /api/shops/getShops HTTP/1.1" 304 -
::1 - - [12/Jun/2023:18:57:51 +0000] "GET /api/goods/getGoods HTTP/1.1" 304 -
::1 - - [12/Jun/2023:18:58:09 +0000] "OPTIONS /api/totalInfo/ HTTP/1.1" 204 0
::1 - - [12/Jun/2023:18:58:09 +0000] "POST /api/totalInfo/ HTTP/1.1" 400 54
::1 - - [12/Jun/2023:19:00:20 +0000] "OPTIONS /api/totalInfo/ HTTP/1.1" 204 0
::1 - - [12/Jun/2023:19:00:20 +0000] "POST /api/totalInfo/ HTTP/1.1" 400 54
::1 - - [12/Jun/2023:19:00:23 +0000] "OPTIONS /api/menu/getMenu HTTP/1.1" 204 0
::1 - - [12/Jun/2023:19:00:23 +0000] "OPTIONS /api/shops/getShops HTTP/1.1" 204 0
::1 - - [12/Jun/2023:19:00:23 +0000] "OPTIONS /api/goods/getGoods HTTP/1.1" 204 0
::1 - - [12/Jun/2023:19:00:23 +0000] "GET /api/menu/getMenu HTTP/1.1" 304 -
::1 - - [12/Jun/2023:19:00:23 +0000] "GET /api/shops/getShops HTTP/1.1" 304 -
::1 - - [12/Jun/2023:19:00:23 +0000] "GET /api/goods/getGoods HTTP/1.1" 304 -
::1 - - [12/Jun/2023:19:00:28 +0000] "OPTIONS /api/totalInfo/ HTTP/1.1" 204 0
::1 - - [12/Jun/2023:19:00:28 +0000] "POST /api/totalInfo/ HTTP/1.1" 400 54
::1 - - [12/Jun/2023:19:01:37 +0000] "OPTIONS /api/menu/getMenu HTTP/1.1" 204 0
::1 - - [12/Jun/2023:19:01:37 +0000] "OPTIONS /api/shops/getShops HTTP/1.1" 204 0
::1 - - [12/Jun/2023:19:01:37 +0000] "OPTIONS /api/goods/getGoods HTTP/1.1" 204 0
::1 - - [12/Jun/2023:19:01:37 +0000] "GET /api/menu/getMenu HTTP/1.1" 304 -
::1 - - [12/Jun/2023:19:01:37 +0000] "GET /api/shops/getShops HTTP/1.1" 304 -
::1 - - [12/Jun/2023:19:01:37 +0000] "GET /api/goods/getGoods HTTP/1.1" 304 -
::1 - - [12/Jun/2023:19:01:42 +0000] "OPTIONS /api/totalInfo/ HTTP/1.1" 204 0
::1 - - [12/Jun/2023:19:01:42 +0000] "POST /api/totalInfo/ HTTP/1.1" 400 54
::1 - - [12/Jun/2023:19:04:12 +0000] "OPTIONS /api/totalInfo/ HTTP/1.1" 204 0
::1 - - [12/Jun/2023:19:04:12 +0000] "POST /api/totalInfo/ HTTP/1.1" 400 54
::1 - - [12/Jun/2023:19:07:49 +0000] "GET / HTTP/1.1" 404 139
::1 - - [12/Jun/2023:19:08:22 +0000] "OPTIONS /api/menu/getMenu HTTP/1.1" 204 0
::1 - - [12/Jun/2023:19:08:22 +0000] "OPTIONS /api/goods/getGoods HTTP/1.1" 204 0
::1 - - [12/Jun/2023:19:08:22 +0000] "OPTIONS /api/shops/getShops HTTP/1.1" 204 0
::1 - - [12/Jun/2023:19:08:22 +0000] "GET /api/menu/getMenu HTTP/1.1" 304 -
::1 - - [12/Jun/2023:19:08:22 +0000] "GET /api/shops/getShops HTTP/1.1" 304 -
::1 - - [12/Jun/2023:19:08:22 +0000] "GET /api/goods/getGoods HTTP/1.1" 304 -
::1 - - [12/Jun/2023:19:08:26 +0000] "GET /api/menu/getMenu HTTP/1.1" 304 -
::1 - - [12/Jun/2023:19:08:26 +0000] "GET /api/shops/getShops HTTP/1.1" 304 -
::1 - - [12/Jun/2023:19:08:26 +0000] "GET /api/goods/getGoods HTTP/1.1" 304 -
::1 - - [12/Jun/2023:19:08:31 +0000] "OPTIONS /api/totalInfo/ HTTP/1.1" 204 0
::1 - - [12/Jun/2023:19:08:31 +0000] "POST /api/totalInfo/ HTTP/1.1" 400 54
::1 - - [12/Jun/2023:19:08:44 +0000] "GET /api/totalInfo/ HTTP/1.1" 404 153
::1 - - [12/Jun/2023:19:15:06 +0000] "OPTIONS /api/totalInfo/ HTTP/1.1" 204 0
::1 - - [12/Jun/2023:19:15:06 +0000] "POST /api/totalInfo/ HTTP/1.1" 400 54
::1 - - [12/Jun/2023:19:15:24 +0000] "OPTIONS /api/menu/getMenu HTTP/1.1" 204 0
::1 - - [12/Jun/2023:19:15:24 +0000] "OPTIONS /api/shops/getShops HTTP/1.1" 204 0
::1 - - [12/Jun/2023:19:15:24 +0000] "OPTIONS /api/goods/getGoods HTTP/1.1" 204 0
::1 - - [12/Jun/2023:19:15:24 +0000] "GET /api/menu/getMenu HTTP/1.1" 304 -
::1 - - [12/Jun/2023:19:15:24 +0000] "GET /api/shops/getShops HTTP/1.1" 304 -
::1 - - [12/Jun/2023:19:15:24 +0000] "GET /api/goods/getGoods HTTP/1.1" 304 -
::1 - - [12/Jun/2023:19:15:28 +0000] "OPTIONS /api/totalInfo/ HTTP/1.1" 204 0
::1 - - [12/Jun/2023:19:15:28 +0000] "POST /api/totalInfo/ HTTP/1.1" 400 54
::1 - - [12/Jun/2023:19:16:02 +0000] "OPTIONS /api/menu/getMenu HTTP/1.1" 204 0
::1 - - [12/Jun/2023:19:16:02 +0000] "OPTIONS /api/shops/getShops HTTP/1.1" 204 0
::1 - - [12/Jun/2023:19:16:02 +0000] "OPTIONS /api/goods/getGoods HTTP/1.1" 204 0
::1 - - [12/Jun/2023:19:16:02 +0000] "GET /api/shops/getShops HTTP/1.1" 304 -
::1 - - [12/Jun/2023:19:16:02 +0000] "GET /api/menu/getMenu HTTP/1.1" 304 -
::1 - - [12/Jun/2023:19:16:02 +0000] "GET /api/goods/getGoods HTTP/1.1" 304 -
::1 - - [12/Jun/2023:19:16:06 +0000] "OPTIONS /api/totalInfo/ HTTP/1.1" 204 0
::1 - - [12/Jun/2023:19:16:06 +0000] "POST /api/totalInfo/ HTTP/1.1" 400 54
::1 - - [12/Jun/2023:19:16:25 +0000] "OPTIONS /api/totalInfo/ HTTP/1.1" 204 0
::1 - - [12/Jun/2023:19:16:25 +0000] "POST /api/totalInfo/ HTTP/1.1" 400 54
::1 - - [12/Jun/2023:19:16:49 +0000] "OPTIONS /api/menu/getMenu HTTP/1.1" 204 0
::1 - - [12/Jun/2023:19:16:49 +0000] "OPTIONS /api/shops/getShops HTTP/1.1" 204 0
::1 - - [12/Jun/2023:19:16:49 +0000] "OPTIONS /api/goods/getGoods HTTP/1.1" 204 0
::1 - - [12/Jun/2023:19:16:49 +0000] "GET /api/menu/getMenu HTTP/1.1" 304 -
::1 - - [12/Jun/2023:19:16:49 +0000] "GET /api/shops/getShops HTTP/1.1" 304 -
::1 - - [12/Jun/2023:19:16:49 +0000] "GET /api/goods/getGoods HTTP/1.1" 304 -
::1 - - [12/Jun/2023:19:16:51 +0000] "OPTIONS /api/totalInfo/ HTTP/1.1" 204 0
::1 - - [12/Jun/2023:19:16:51 +0000] "POST /api/totalInfo/ HTTP/1.1" 400 54
::1 - - [12/Jun/2023:19:19:34 +0000] "OPTIONS /api/menu/getMenu HTTP/1.1" 204 0
::1 - - [12/Jun/2023:19:19:34 +0000] "OPTIONS /api/shops/getShops HTTP/1.1" 204 0
::1 - - [12/Jun/2023:19:19:34 +0000] "OPTIONS /api/goods/getGoods HTTP/1.1" 204 0
::1 - - [12/Jun/2023:19:19:34 +0000] "GET /api/menu/getMenu HTTP/1.1" 304 -
::1 - - [12/Jun/2023:19:19:34 +0000] "GET /api/goods/getGoods HTTP/1.1" 304 -
::1 - - [12/Jun/2023:19:19:34 +0000] "GET /api/shops/getShops HTTP/1.1" 304 -
::1 - - [12/Jun/2023:19:19:53 +0000] "OPTIONS /api/menu/getMenu HTTP/1.1" 204 0
::1 - - [12/Jun/2023:19:19:53 +0000] "OPTIONS /api/shops/getShops HTTP/1.1" 204 0
::1 - - [12/Jun/2023:19:19:53 +0000] "OPTIONS /api/goods/getGoods HTTP/1.1" 204 0
::1 - - [12/Jun/2023:19:19:53 +0000] "GET /api/shops/getShops HTTP/1.1" 304 -
::1 - - [12/Jun/2023:19:19:53 +0000] "GET /api/goods/getGoods HTTP/1.1" 304 -
::1 - - [12/Jun/2023:19:19:53 +0000] "GET /api/menu/getMenu HTTP/1.1" 304 -
::1 - - [12/Jun/2023:19:20:06 +0000] "OPTIONS /api/totalInfo/ HTTP/1.1" 204 0
::1 - - [12/Jun/2023:19:20:06 +0000] "POST /api/totalInfo/ HTTP/1.1" 400 54
::1 - - [12/Jun/2023:19:20:23 +0000] "OPTIONS /api/menu/getMenu HTTP/1.1" 204 0
::1 - - [12/Jun/2023:19:20:23 +0000] "OPTIONS /api/shops/getShops HTTP/1.1" 204 0
::1 - - [12/Jun/2023:19:20:23 +0000] "OPTIONS /api/goods/getGoods HTTP/1.1" 204 0
::1 - - [12/Jun/2023:19:20:23 +0000] "GET /api/shops/getShops HTTP/1.1" 304 -
::1 - - [12/Jun/2023:19:20:23 +0000] "GET /api/goods/getGoods HTTP/1.1" 304 -
::1 - - [12/Jun/2023:19:20:23 +0000] "GET /api/menu/getMenu HTTP/1.1" 304 -
::1 - - [12/Jun/2023:19:20:27 +0000] "OPTIONS /api/totalInfo/ HTTP/1.1" 204 0
::1 - - [12/Jun/2023:19:20:27 +0000] "POST /api/totalInfo/ HTTP/1.1" 400 54
::1 - - [12/Jun/2023:19:22:13 +0000] "OPTIONS /api/menu/getMenu HTTP/1.1" 204 0
::1 - - [12/Jun/2023:19:22:13 +0000] "OPTIONS /api/shops/getShops HTTP/1.1" 204 0
::1 - - [12/Jun/2023:19:22:13 +0000] "OPTIONS /api/goods/getGoods HTTP/1.1" 204 0
::1 - - [12/Jun/2023:19:22:13 +0000] "GET /api/goods/getGoods HTTP/1.1" 304 -
::1 - - [12/Jun/2023:19:22:13 +0000] "GET /api/menu/getMenu HTTP/1.1" 304 -
::1 - - [12/Jun/2023:19:22:13 +0000] "GET /api/shops/getShops HTTP/1.1" 304 -
::1 - - [12/Jun/2023:19:22:22 +0000] "OPTIONS /api/totalInfo HTTP/1.1" 204 0
::1 - - [12/Jun/2023:19:22:22 +0000] "POST /api/totalInfo HTTP/1.1" 400 54
::1 - - [12/Jun/2023:19:23:06 +0000] "OPTIONS /api/menu/getMenu HTTP/1.1" 204 0
::1 - - [12/Jun/2023:19:23:06 +0000] "OPTIONS /api/shops/getShops HTTP/1.1" 204 0
::1 - - [12/Jun/2023:19:23:06 +0000] "OPTIONS /api/goods/getGoods HTTP/1.1" 204 0
::1 - - [12/Jun/2023:19:23:06 +0000] "GET /api/menu/getMenu HTTP/1.1" 304 -
::1 - - [12/Jun/2023:19:23:06 +0000] "GET /api/shops/getShops HTTP/1.1" 304 -
::1 - - [12/Jun/2023:19:23:06 +0000] "GET /api/goods/getGoods HTTP/1.1" 304 -
::1 - - [12/Jun/2023:19:23:11 +0000] "OPTIONS /api/totalInfo/ HTTP/1.1" 204 0
::1 - - [12/Jun/2023:19:23:11 +0000] "POST /api/totalInfo/ HTTP/1.1" 400 54
::1 - - [12/Jun/2023:19:23:44 +0000] "POST /api/totalInfo/ HTTP/1.1" 200 2
::1 - - [12/Jun/2023:19:24:42 +0000] "OPTIONS /api/menu/getMenu HTTP/1.1" 204 0
::1 - - [12/Jun/2023:19:24:42 +0000] "OPTIONS /api/goods/getGoods HTTP/1.1" 204 0
::1 - - [12/Jun/2023:19:24:42 +0000] "OPTIONS /api/shops/getShops HTTP/1.1" 204 0
::1 - - [12/Jun/2023:19:24:42 +0000] "GET /api/goods/getGoods HTTP/1.1" 304 -
::1 - - [12/Jun/2023:19:24:42 +0000] "GET /api/shops/getShops HTTP/1.1" 304 -
::1 - - [12/Jun/2023:19:24:42 +0000] "GET /api/menu/getMenu HTTP/1.1" 304 -
::1 - - [12/Jun/2023:19:24:51 +0000] "OPTIONS /api/totalInfo/ HTTP/1.1" 204 0
::1 - - [12/Jun/2023:19:24:51 +0000] "POST /api/totalInfo/ HTTP/1.1" 400 54
::1 - - [12/Jun/2023:19:25:57 +0000] "OPTIONS /api/menu/getMenu HTTP/1.1" 204 0
::1 - - [12/Jun/2023:19:25:57 +0000] "OPTIONS /api/shops/getShops HTTP/1.1" 204 0
::1 - - [12/Jun/2023:19:25:57 +0000] "OPTIONS /api/goods/getGoods HTTP/1.1" 204 0
::1 - - [12/Jun/2023:19:25:57 +0000] "GET /api/goods/getGoods HTTP/1.1" 304 -
::1 - - [12/Jun/2023:19:25:57 +0000] "GET /api/shops/getShops HTTP/1.1" 304 -
::1 - - [12/Jun/2023:19:25:57 +0000] "GET /api/menu/getMenu HTTP/1.1" 304 -
::1 - - [12/Jun/2023:19:26:01 +0000] "GET /api/menu/getMenu HTTP/1.1" 304 -
::1 - - [12/Jun/2023:19:26:01 +0000] "GET /api/goods/getGoods HTTP/1.1" 304 -
::1 - - [12/Jun/2023:19:26:01 +0000] "GET /api/shops/getShops HTTP/1.1" 304 -
::1 - - [12/Jun/2023:19:26:18 +0000] "OPTIONS /api/menu/getMenu HTTP/1.1" 204 0
::1 - - [12/Jun/2023:19:26:18 +0000] "OPTIONS /api/shops/getShops HTTP/1.1" 204 0
::1 - - [12/Jun/2023:19:26:18 +0000] "OPTIONS /api/goods/getGoods HTTP/1.1" 204 0
::1 - - [12/Jun/2023:19:26:18 +0000] "GET /api/menu/getMenu HTTP/1.1" 304 -
::1 - - [12/Jun/2023:19:26:18 +0000] "GET /api/shops/getShops HTTP/1.1" 304 -
::1 - - [12/Jun/2023:19:26:18 +0000] "GET /api/goods/getGoods HTTP/1.1" 304 -
::1 - - [12/Jun/2023:19:26:28 +0000] "OPTIONS /api/totalInfo/ HTTP/1.1" 204 0
::1 - - [12/Jun/2023:19:26:28 +0000] "POST /api/totalInfo/ HTTP/1.1" 400 54
::1 - - [12/Jun/2023:19:28:04 +0000] "OPTIONS /api/menu/getMenu HTTP/1.1" 204 0
::1 - - [12/Jun/2023:19:28:04 +0000] "OPTIONS /api/shops/getShops HTTP/1.1" 204 0
::1 - - [12/Jun/2023:19:28:04 +0000] "OPTIONS /api/goods/getGoods HTTP/1.1" 204 0
::1 - - [12/Jun/2023:19:28:04 +0000] "GET /api/shops/getShops HTTP/1.1" 304 -
::1 - - [12/Jun/2023:19:28:04 +0000] "GET /api/menu/getMenu HTTP/1.1" 304 -
::1 - - [12/Jun/2023:19:28:04 +0000] "GET /api/goods/getGoods HTTP/1.1" 304 -
::1 - - [12/Jun/2023:19:29:15 +0000] "OPTIONS /api/totalInfo/ HTTP/1.1" 204 0
::1 - - [12/Jun/2023:19:29:15 +0000] "POST /api/totalInfo/ HTTP/1.1" 400 54
::1 - - [12/Jun/2023:19:31:10 +0000] "OPTIONS /api/menu/getMenu HTTP/1.1" 204 0
::1 - - [12/Jun/2023:19:31:10 +0000] "OPTIONS /api/shops/getShops HTTP/1.1" 204 0
::1 - - [12/Jun/2023:19:31:10 +0000] "OPTIONS /api/goods/getGoods HTTP/1.1" 204 0
::1 - - [12/Jun/2023:19:31:10 +0000] "GET /api/menu/getMenu HTTP/1.1" 304 -
::1 - - [12/Jun/2023:19:31:10 +0000] "GET /api/shops/getShops HTTP/1.1" 304 -
::1 - - [12/Jun/2023:19:31:10 +0000] "GET /api/goods/getGoods HTTP/1.1" 304 -
::1 - - [12/Jun/2023:19:31:14 +0000] "OPTIONS /api/totalInfo/ HTTP/1.1" 204 0
::1 - - [12/Jun/2023:19:31:14 +0000] "POST /api/totalInfo/ HTTP/1.1" 400 54
::1 - - [12/Jun/2023:19:32:01 +0000] "OPTIONS /api/shops/getShops HTTP/1.1" 204 0
::1 - - [12/Jun/2023:19:32:01 +0000] "OPTIONS /api/goods/getGoods HTTP/1.1" 204 0
::1 - - [12/Jun/2023:19:32:01 +0000] "OPTIONS /api/menu/getMenu HTTP/1.1" 204 0
::1 - - [12/Jun/2023:19:32:01 +0000] "GET /api/shops/getShops HTTP/1.1" 304 -
::1 - - [12/Jun/2023:19:32:01 +0000] "GET /api/goods/getGoods HTTP/1.1" 304 -
::1 - - [12/Jun/2023:19:32:01 +0000] "GET /api/menu/getMenu HTTP/1.1" 304 -
::1 - - [12/Jun/2023:19:32:04 +0000] "OPTIONS /api/totalInfo/ HTTP/1.1" 204 0
::1 - - [12/Jun/2023:19:32:04 +0000] "POST /api/totalInfo/ HTTP/1.1" 400 54
::1 - - [12/Jun/2023:19:32:22 +0000] "OPTIONS /api/menu/getMenu HTTP/1.1" 204 0
::1 - - [12/Jun/2023:19:32:22 +0000] "OPTIONS /api/shops/getShops HTTP/1.1" 204 0
::1 - - [12/Jun/2023:19:32:22 +0000] "OPTIONS /api/goods/getGoods HTTP/1.1" 204 0
::1 - - [12/Jun/2023:19:32:22 +0000] "GET /api/menu/getMenu HTTP/1.1" 304 -
::1 - - [12/Jun/2023:19:32:22 +0000] "GET /api/shops/getShops HTTP/1.1" 304 -
::1 - - [12/Jun/2023:19:32:22 +0000] "GET /api/goods/getGoods HTTP/1.1" 304 -
::1 - - [12/Jun/2023:19:32:25 +0000] "OPTIONS /api/totalInfo/ HTTP/1.1" 204 0
::1 - - [12/Jun/2023:19:32:25 +0000] "POST /api/totalInfo/ HTTP/1.1" 400 54
::1 - - [12/Jun/2023:19:33:14 +0000] "OPTIONS /api/menu/getMenu HTTP/1.1" 204 0
::1 - - [12/Jun/2023:19:33:14 +0000] "OPTIONS /api/shops/getShops HTTP/1.1" 204 0
::1 - - [12/Jun/2023:19:33:14 +0000] "OPTIONS /api/goods/getGoods HTTP/1.1" 204 0
::1 - - [12/Jun/2023:19:33:14 +0000] "GET /api/shops/getShops HTTP/1.1" 304 -
::1 - - [12/Jun/2023:19:33:14 +0000] "GET /api/menu/getMenu HTTP/1.1" 304 -
::1 - - [12/Jun/2023:19:33:14 +0000] "GET /api/goods/getGoods HTTP/1.1" 304 -
::1 - - [12/Jun/2023:19:33:16 +0000] "OPTIONS /api/totalInfo/ HTTP/1.1" 204 0
::1 - - [12/Jun/2023:19:33:16 +0000] "POST /api/totalInfo/ HTTP/1.1" 400 54
::1 - - [12/Jun/2023:19:35:14 +0000] "OPTIONS /api/menu/getMenu HTTP/1.1" 204 0
::1 - - [12/Jun/2023:19:35:14 +0000] "OPTIONS /api/shops/getShops HTTP/1.1" 204 0
::1 - - [12/Jun/2023:19:35:14 +0000] "OPTIONS /api/goods/getGoods HTTP/1.1" 204 0
::1 - - [12/Jun/2023:19:35:14 +0000] "GET /api/menu/getMenu HTTP/1.1" - -
::1 - - [12/Jun/2023:19:35:14 +0000] "GET /api/goods/getGoods HTTP/1.1" - -
::1 - - [12/Jun/2023:19:35:14 +0000] "GET /api/shops/getShops HTTP/1.1" - -
::ffff:127.0.0.1 - - [12/Jun/2023:19:35:15 +0000] "GET /api/shops/getShops HTTP/1.1" 200 236
::ffff:127.0.0.1 - - [12/Jun/2023:19:35:15 +0000] "GET /api/goods/getGoods HTTP/1.1" 200 2507
::ffff:127.0.0.1 - - [12/Jun/2023:19:35:15 +0000] "GET /api/menu/getMenu HTTP/1.1" 200 157
::1 - - [12/Jun/2023:19:35:18 +0000] "OPTIONS /api/totalInfo/ HTTP/1.1" 204 0
::1 - - [12/Jun/2023:19:35:18 +0000] "POST /api/totalInfo/ HTTP/1.1" 400 54
::1 - - [12/Jun/2023:19:35:51 +0000] "OPTIONS /api/menu/getMenu HTTP/1.1" 204 0
::1 - - [12/Jun/2023:19:35:51 +0000] "OPTIONS /api/shops/getShops HTTP/1.1" 204 0
::1 - - [12/Jun/2023:19:35:51 +0000] "OPTIONS /api/goods/getGoods HTTP/1.1" 204 0
::1 - - [12/Jun/2023:19:35:52 +0000] "GET /api/goods/getGoods HTTP/1.1" 304 -
::1 - - [12/Jun/2023:19:35:52 +0000] "GET /api/menu/getMenu HTTP/1.1" 304 -
::1 - - [12/Jun/2023:19:35:52 +0000] "GET /api/shops/getShops HTTP/1.1" 304 -
::1 - - [12/Jun/2023:19:35:53 +0000] "GET /api/menu/getMenu HTTP/1.1" 304 -
::1 - - [12/Jun/2023:19:35:53 +0000] "GET /api/shops/getShops HTTP/1.1" 304 -
::1 - - [12/Jun/2023:19:35:53 +0000] "GET /api/goods/getGoods HTTP/1.1" 304 -
::1 - - [12/Jun/2023:19:35:56 +0000] "OPTIONS /api/totalInfo HTTP/1.1" 204 0
::1 - - [12/Jun/2023:19:35:56 +0000] "POST /api/totalInfo HTTP/1.1" 400 54
::1 - - [12/Jun/2023:19:40:30 +0000] "OPTIONS /api/menu/getMenu HTTP/1.1" 204 0
::1 - - [12/Jun/2023:19:40:30 +0000] "OPTIONS /api/shops/getShops HTTP/1.1" 204 0
::1 - - [12/Jun/2023:19:40:30 +0000] "OPTIONS /api/goods/getGoods HTTP/1.1" 204 0
::1 - - [12/Jun/2023:19:40:30 +0000] "GET /api/menu/getMenu HTTP/1.1" 304 -
::1 - - [12/Jun/2023:19:40:30 +0000] "GET /api/goods/getGoods HTTP/1.1" 304 -
::1 - - [12/Jun/2023:19:40:30 +0000] "GET /api/shops/getShops HTTP/1.1" 304 -
::1 - - [12/Jun/2023:19:40:44 +0000] "OPTIONS /api/menu/getMenu HTTP/1.1" 204 0
::1 - - [12/Jun/2023:19:40:44 +0000] "OPTIONS /api/shops/getShops HTTP/1.1" 204 0
::1 - - [12/Jun/2023:19:40:44 +0000] "OPTIONS /api/goods/getGoods HTTP/1.1" 204 0
::1 - - [12/Jun/2023:19:40:44 +0000] "GET /api/menu/getMenu HTTP/1.1" 304 -
::1 - - [12/Jun/2023:19:40:44 +0000] "GET /api/shops/getShops HTTP/1.1" 304 -
::1 - - [12/Jun/2023:19:40:44 +0000] "GET /api/goods/getGoods HTTP/1.1" 304 -
::1 - - [12/Jun/2023:19:40:48 +0000] "OPTIONS /api/totalInfo HTTP/1.1" 204 0
::1 - - [12/Jun/2023:19:41:52 +0000] "POST /api/totalInfo HTTP/1.1" - -
::1 - - [12/Jun/2023:19:41:52 +0000] "OPTIONS /api/menu/getMenu HTTP/1.1" 204 0
::1 - - [12/Jun/2023:19:41:52 +0000] "OPTIONS /api/shops/getShops HTTP/1.1" 204 0
::1 - - [12/Jun/2023:19:41:52 +0000] "OPTIONS /api/goods/getGoods HTTP/1.1" 204 0
::1 - - [12/Jun/2023:19:41:52 +0000] "GET /api/goods/getGoods HTTP/1.1" 304 -
::1 - - [12/Jun/2023:19:41:52 +0000] "GET /api/shops/getShops HTTP/1.1" 304 -
::1 - - [12/Jun/2023:19:41:52 +0000] "GET /api/menu/getMenu HTTP/1.1" 304 -
::1 - - [12/Jun/2023:19:44:30 +0000] "OPTIONS /api/menu/getMenu HTTP/1.1" 204 0
::1 - - [12/Jun/2023:19:44:30 +0000] "OPTIONS /api/shops/getShops HTTP/1.1" 204 0
::1 - - [12/Jun/2023:19:44:30 +0000] "OPTIONS /api/goods/getGoods HTTP/1.1" 204 0
::1 - - [12/Jun/2023:19:44:30 +0000] "GET /api/menu/getMenu HTTP/1.1" 304 -
::1 - - [12/Jun/2023:19:44:30 +0000] "GET /api/shops/getShops HTTP/1.1" 304 -
::1 - - [12/Jun/2023:19:44:30 +0000] "GET /api/goods/getGoods HTTP/1.1" 304 -
::1 - - [12/Jun/2023:19:44:36 +0000] "OPTIONS /api/totalInfo HTTP/1.1" 204 0
::ffff:127.0.0.1 - - [12/Jun/2023:19:45:20 +0000] "POST /api/totalInfo HTTP/1.1" 500 2
::1 - - [12/Jun/2023:19:45:32 +0000] "OPTIONS /api/menu/getMenu HTTP/1.1" 204 0
::1 - - [12/Jun/2023:19:45:32 +0000] "OPTIONS /api/shops/getShops HTTP/1.1" 204 0
::1 - - [12/Jun/2023:19:45:32 +0000] "OPTIONS /api/goods/getGoods HTTP/1.1" 204 0
::1 - - [12/Jun/2023:19:45:32 +0000] "GET /api/menu/getMenu HTTP/1.1" 304 -
::1 - - [12/Jun/2023:19:45:32 +0000] "GET /api/shops/getShops HTTP/1.1" 304 -
::1 - - [12/Jun/2023:19:45:32 +0000] "GET /api/goods/getGoods HTTP/1.1" 304 -
::1 - - [12/Jun/2023:19:45:36 +0000] "OPTIONS /api/totalInfo HTTP/1.1" 204 0
::1 - - [12/Jun/2023:19:45:36 +0000] "POST /api/totalInfo HTTP/1.1" 500 2
::1 - - [12/Jun/2023:19:50:06 +0000] "POST /api/totalInfo/ HTTP/1.1" 500 2
::1 - - [12/Jun/2023:19:50:26 +0000] "POST /api/totalInfo/ HTTP/1.1" 500 2
::1 - - [12/Jun/2023:19:51:23 +0000] "POST /api/totalInfo/ HTTP/1.1" 500 2
::1 - - [12/Jun/2023:19:53:03 +0000] "POST /api/totalInfo/ HTTP/1.1" 500 2
::1 - - [12/Jun/2023:19:55:11 +0000] "OPTIONS /api/menu/getMenu HTTP/1.1" 204 0
::1 - - [12/Jun/2023:19:55:11 +0000] "OPTIONS /api/shops/getShops HTTP/1.1" 204 0
::1 - - [12/Jun/2023:19:55:11 +0000] "OPTIONS /api/goods/getGoods HTTP/1.1" 204 0
::1 - - [12/Jun/2023:19:55:11 +0000] "GET /api/menu/getMenu HTTP/1.1" 304 -
::1 - - [12/Jun/2023:19:55:11 +0000] "GET /api/shops/getShops HTTP/1.1" 304 -
::1 - - [12/Jun/2023:19:55:11 +0000] "GET /api/goods/getGoods HTTP/1.1" 304 -
::1 - - [12/Jun/2023:19:56:28 +0000] "POST /api/totalInfo/ HTTP/1.1" 500 2
::1 - - [12/Jun/2023:19:56:51 +0000] "POST /api/totalInfo/ HTTP/1.1" 400 56
::1 - - [12/Jun/2023:19:57:00 +0000] "POST /api/totalInfo/ HTTP/1.1" 500 2
::1 - - [12/Jun/2023:20:02:57 +0000] "POST /api/goods/ HTTP/1.1" 200 13
::1 - - [12/Jun/2023:20:03:12 +0000] "OPTIONS /api/menu/getMenu HTTP/1.1" 204 0
::1 - - [12/Jun/2023:20:03:12 +0000] "OPTIONS /api/shops/getShops HTTP/1.1" 204 0
::1 - - [12/Jun/2023:20:03:12 +0000] "OPTIONS /api/goods/getGoods HTTP/1.1" 204 0
::1 - - [12/Jun/2023:20:03:12 +0000] "GET /api/menu/getMenu HTTP/1.1" 304 -
::1 - - [12/Jun/2023:20:03:12 +0000] "GET /api/shops/getShops HTTP/1.1" 304 -
::1 - - [12/Jun/2023:20:03:12 +0000] "GET /api/goods/getGoods HTTP/1.1" 200 1205
::1 - - [12/Jun/2023:20:03:21 +0000] "OPTIONS /api/totalInfo HTTP/1.1" 204 0
::1 - - [12/Jun/2023:20:03:21 +0000] "POST /api/totalInfo HTTP/1.1" 500 2
::1 - - [12/Jun/2023:20:05:04 +0000] "OPTIONS /api/menu/getMenu HTTP/1.1" 204 0
::1 - - [12/Jun/2023:20:05:04 +0000] "OPTIONS /api/shops/getShops HTTP/1.1" 204 0
::1 - - [12/Jun/2023:20:05:04 +0000] "OPTIONS /api/goods/getGoods HTTP/1.1" 204 0
::1 - - [12/Jun/2023:20:05:04 +0000] "GET /api/menu/getMenu HTTP/1.1" 304 -
::1 - - [12/Jun/2023:20:05:04 +0000] "GET /api/shops/getShops HTTP/1.1" 304 -
::1 - - [12/Jun/2023:20:05:04 +0000] "GET /api/goods/getGoods HTTP/1.1" 304 -
::1 - - [12/Jun/2023:20:05:07 +0000] "OPTIONS /api/totalInfo HTTP/1.1" 204 0
::1 - - [12/Jun/2023:20:05:07 +0000] "POST /api/totalInfo HTTP/1.1" 500 2
::1 - - [12/Jun/2023:20:06:11 +0000] "OPTIONS /api/menu/getMenu HTTP/1.1" 204 0
::1 - - [12/Jun/2023:20:06:11 +0000] "OPTIONS /api/goods/getGoods HTTP/1.1" 204 0
::1 - - [12/Jun/2023:20:06:11 +0000] "OPTIONS /api/shops/getShops HTTP/1.1" 204 0
::1 - - [12/Jun/2023:20:06:12 +0000] "GET /api/menu/getMenu HTTP/1.1" 304 -
::1 - - [12/Jun/2023:20:06:12 +0000] "GET /api/goods/getGoods HTTP/1.1" 304 -
::1 - - [12/Jun/2023:20:06:12 +0000] "GET /api/shops/getShops HTTP/1.1" 304 -
::1 - - [12/Jun/2023:20:06:18 +0000] "OPTIONS /api/totalInfo HTTP/1.1" 204 0
::1 - - [12/Jun/2023:20:06:18 +0000] "POST /api/totalInfo HTTP/1.1" 500 2
::1 - - [12/Jun/2023:20:07:52 +0000] "OPTIONS /api/menu/getMenu HTTP/1.1" 204 0
::1 - - [12/Jun/2023:20:07:52 +0000] "OPTIONS /api/shops/getShops HTTP/1.1" 204 0
::1 - - [12/Jun/2023:20:07:52 +0000] "OPTIONS /api/goods/getGoods HTTP/1.1" 204 0
::1 - - [12/Jun/2023:20:07:52 +0000] "GET /api/menu/getMenu HTTP/1.1" 304 -
::1 - - [12/Jun/2023:20:07:52 +0000] "GET /api/goods/getGoods HTTP/1.1" 304 -
::1 - - [12/Jun/2023:20:07:52 +0000] "GET /api/shops/getShops HTTP/1.1" 304 -
::1 - - [12/Jun/2023:20:07:55 +0000] "OPTIONS /api/totalInfo HTTP/1.1" 204 0
::1 - - [12/Jun/2023:20:07:55 +0000] "POST /api/totalInfo HTTP/1.1" 500 2
::1 - - [12/Jun/2023:20:08:43 +0000] "OPTIONS /api/menu/getMenu HTTP/1.1" 204 0
::1 - - [12/Jun/2023:20:08:43 +0000] "OPTIONS /api/shops/getShops HTTP/1.1" 204 0
::1 - - [12/Jun/2023:20:08:43 +0000] "OPTIONS /api/goods/getGoods HTTP/1.1" 204 0
::1 - - [12/Jun/2023:20:08:43 +0000] "GET /api/menu/getMenu HTTP/1.1" 304 -
::1 - - [12/Jun/2023:20:08:43 +0000] "GET /api/shops/getShops HTTP/1.1" 304 -
::1 - - [12/Jun/2023:20:08:43 +0000] "GET /api/goods/getGoods HTTP/1.1" 304 -
::1 - - [12/Jun/2023:20:08:46 +0000] "OPTIONS /api/totalInfo HTTP/1.1" 204 0
::1 - - [12/Jun/2023:20:08:46 +0000] "POST /api/totalInfo HTTP/1.1" 500 2
::1 - - [12/Jun/2023:20:09:12 +0000] "OPTIONS /api/menu/getMenu HTTP/1.1" 204 0
::1 - - [12/Jun/2023:20:09:12 +0000] "OPTIONS /api/shops/getShops HTTP/1.1" 204 0
::1 - - [12/Jun/2023:20:09:12 +0000] "OPTIONS /api/goods/getGoods HTTP/1.1" 204 0
::1 - - [12/Jun/2023:20:09:12 +0000] "GET /api/menu/getMenu HTTP/1.1" 304 -
::1 - - [12/Jun/2023:20:09:12 +0000] "GET /api/goods/getGoods HTTP/1.1" 304 -
::1 - - [12/Jun/2023:20:09:12 +0000] "GET /api/shops/getShops HTTP/1.1" 304 -
::1 - - [12/Jun/2023:20:09:18 +0000] "OPTIONS /api/totalInfo HTTP/1.1" 204 0
::1 - - [12/Jun/2023:20:09:18 +0000] "POST /api/totalInfo HTTP/1.1" 500 2
::1 - - [12/Jun/2023:20:09:31 +0000] "OPTIONS /api/menu/getMenu HTTP/1.1" 204 0
::1 - - [12/Jun/2023:20:09:31 +0000] "OPTIONS /api/shops/getShops HTTP/1.1" 204 0
::1 - - [12/Jun/2023:20:09:31 +0000] "OPTIONS /api/goods/getGoods HTTP/1.1" 204 0
::1 - - [12/Jun/2023:20:09:31 +0000] "GET /api/shops/getShops HTTP/1.1" 304 -
::1 - - [12/Jun/2023:20:09:31 +0000] "GET /api/menu/getMenu HTTP/1.1" 304 -
::1 - - [12/Jun/2023:20:09:31 +0000] "GET /api/goods/getGoods HTTP/1.1" 304 -
::1 - - [12/Jun/2023:20:09:34 +0000] "OPTIONS /api/totalInfo HTTP/1.1" 204 0
::1 - - [12/Jun/2023:20:09:34 +0000] "POST /api/totalInfo HTTP/1.1" 500 2
::1 - - [12/Jun/2023:20:10:03 +0000] "OPTIONS /api/menu/getMenu HTTP/1.1" 204 0
::1 - - [12/Jun/2023:20:10:03 +0000] "OPTIONS /api/shops/getShops HTTP/1.1" 204 0
::1 - - [12/Jun/2023:20:10:03 +0000] "OPTIONS /api/goods/getGoods HTTP/1.1" 204 0
::1 - - [12/Jun/2023:20:10:03 +0000] "GET /api/menu/getMenu HTTP/1.1" 304 -
::1 - - [12/Jun/2023:20:10:03 +0000] "GET /api/shops/getShops HTTP/1.1" 304 -
::1 - - [12/Jun/2023:20:10:03 +0000] "GET /api/goods/getGoods HTTP/1.1" 304 -
::1 - - [12/Jun/2023:20:10:06 +0000] "OPTIONS /api/totalInfo HTTP/1.1" 204 0
::1 - - [12/Jun/2023:20:10:06 +0000] "POST /api/totalInfo HTTP/1.1" 500 2
::1 - - [12/Jun/2023:20:10:29 +0000] "OPTIONS /api/menu/getMenu HTTP/1.1" 204 0
::1 - - [12/Jun/2023:20:10:29 +0000] "OPTIONS /api/goods/getGoods HTTP/1.1" 204 0
::1 - - [12/Jun/2023:20:10:29 +0000] "OPTIONS /api/shops/getShops HTTP/1.1" 204 0
::1 - - [12/Jun/2023:20:10:29 +0000] "GET /api/menu/getMenu HTTP/1.1" 304 -
::1 - - [12/Jun/2023:20:10:29 +0000] "GET /api/goods/getGoods HTTP/1.1" 304 -
::1 - - [12/Jun/2023:20:10:29 +0000] "GET /api/shops/getShops HTTP/1.1" 304 -
::1 - - [12/Jun/2023:20:10:32 +0000] "OPTIONS /api/totalInfo HTTP/1.1" 204 0
::1 - - [12/Jun/2023:20:10:32 +0000] "POST /api/totalInfo HTTP/1.1" 500 2
::1 - - [12/Jun/2023:20:11:39 +0000] "OPTIONS /api/menu/getMenu HTTP/1.1" 204 0
::1 - - [12/Jun/2023:20:11:39 +0000] "OPTIONS /api/shops/getShops HTTP/1.1" 204 0
::1 - - [12/Jun/2023:20:11:39 +0000] "OPTIONS /api/goods/getGoods HTTP/1.1" 204 0
::1 - - [12/Jun/2023:20:11:39 +0000] "GET /api/menu/getMenu HTTP/1.1" 304 -
::1 - - [12/Jun/2023:20:11:39 +0000] "GET /api/shops/getShops HTTP/1.1" 304 -
::1 - - [12/Jun/2023:20:11:39 +0000] "GET /api/goods/getGoods HTTP/1.1" 304 -
::1 - - [12/Jun/2023:20:11:45 +0000] "OPTIONS /api/totalInfo/saveTotalInfo HTTP/1.1" 204 0
::1 - - [12/Jun/2023:20:11:45 +0000] "POST /api/totalInfo/saveTotalInfo HTTP/1.1" 404 167
::1 - - [12/Jun/2023:20:12:43 +0000] "OPTIONS /api/menu/getMenu HTTP/1.1" 204 0
::1 - - [12/Jun/2023:20:12:43 +0000] "OPTIONS /api/goods/getGoods HTTP/1.1" 204 0
::1 - - [12/Jun/2023:20:12:43 +0000] "OPTIONS /api/shops/getShops HTTP/1.1" 204 0
::1 - - [12/Jun/2023:20:12:43 +0000] "GET /api/menu/getMenu HTTP/1.1" 304 -
::1 - - [12/Jun/2023:20:12:43 +0000] "GET /api/goods/getGoods HTTP/1.1" 304 -
::1 - - [12/Jun/2023:20:12:43 +0000] "GET /api/shops/getShops HTTP/1.1" 304 -
::1 - - [12/Jun/2023:20:13:20 +0000] "OPTIONS /api/totalInfo HTTP/1.1" 204 0
::1 - - [12/Jun/2023:20:13:20 +0000] "POST /api/totalInfo HTTP/1.1" 500 2
::1 - - [12/Jun/2023:20:14:23 +0000] "OPTIONS /api/menu/getMenu HTTP/1.1" 204 0
::1 - - [12/Jun/2023:20:14:23 +0000] "OPTIONS /api/shops/getShops HTTP/1.1" 204 0
::1 - - [12/Jun/2023:20:14:23 +0000] "OPTIONS /api/goods/getGoods HTTP/1.1" 204 0
::1 - - [12/Jun/2023:20:14:23 +0000] "GET /api/menu/getMenu HTTP/1.1" 304 -
::1 - - [12/Jun/2023:20:14:23 +0000] "GET /api/shops/getShops HTTP/1.1" 304 -
::1 - - [12/Jun/2023:20:14:23 +0000] "GET /api/goods/getGoods HTTP/1.1" 304 -
::1 - - [12/Jun/2023:20:14:26 +0000] "OPTIONS /api/totalInfo HTTP/1.1" 204 0
::1 - - [12/Jun/2023:20:14:26 +0000] "POST /api/totalInfo HTTP/1.1" 500 2
::1 - - [12/Jun/2023:20:16:49 +0000] "POST /api/totalInfo/ HTTP/1.1" 500 2
::1 - - [12/Jun/2023:20:17:12 +0000] "POST /api/totalInfo/ HTTP/1.1" 500 2
::1 - - [12/Jun/2023:20:17:55 +0000] "POST /api/totalInfo/ HTTP/1.1" 500 2
::1 - - [12/Jun/2023:20:18:16 +0000] "POST /api/totalInfo/ HTTP/1.1" 500 2
::1 - - [12/Jun/2023:20:18:37 +0000] "POST /api/totalInfo/ HTTP/1.1" 500 2
::1 - - [12/Jun/2023:20:18:51 +0000] "POST /api/totalInfo/ HTTP/1.1" 500 2
::1 - - [12/Jun/2023:20:19:04 +0000] "POST /api/totalInfo/ HTTP/1.1" 500 2
::1 - - [12/Jun/2023:20:19:26 +0000] "POST /api/totalInfo/ HTTP/1.1" 200 2
::1 - - [12/Jun/2023:20:19:38 +0000] "OPTIONS /api/menu/getMenu HTTP/1.1" 204 0
::1 - - [12/Jun/2023:20:19:38 +0000] "OPTIONS /api/shops/getShops HTTP/1.1" 204 0
::1 - - [12/Jun/2023:20:19:38 +0000] "OPTIONS /api/goods/getGoods HTTP/1.1" 204 0
::1 - - [12/Jun/2023:20:19:38 +0000] "GET /api/menu/getMenu HTTP/1.1" 304 -
::1 - - [12/Jun/2023:20:19:38 +0000] "GET /api/shops/getShops HTTP/1.1" 304 -
::1 - - [12/Jun/2023:20:19:38 +0000] "GET /api/goods/getGoods HTTP/1.1" 304 -
::1 - - [12/Jun/2023:20:19:45 +0000] "OPTIONS /api/totalInfo HTTP/1.1" 204 0
::1 - - [12/Jun/2023:20:19:45 +0000] "POST /api/totalInfo HTTP/1.1" 200 2
::1 - - [12/Jun/2023:20:20:26 +0000] "OPTIONS /api/totalInfo HTTP/1.1" 204 0
::1 - - [12/Jun/2023:20:20:26 +0000] "POST /api/totalInfo HTTP/1.1" 200 2
::1 - - [12/Jun/2023:20:21:38 +0000] "OPTIONS /api/goods/getGoods HTTP/1.1" 204 0
::1 - - [12/Jun/2023:20:21:38 +0000] "GET /api/goods/getGoods HTTP/1.1" 304 -
::1 - - [12/Jun/2023:20:21:43 +0000] "OPTIONS /api/totalInfo HTTP/1.1" 204 0
::1 - - [12/Jun/2023:20:21:43 +0000] "POST /api/totalInfo HTTP/1.1" 200 2
::1 - - [12/Jun/2023:20:23:59 +0000] "OPTIONS /api/menu/getMenu HTTP/1.1" 204 0
::1 - - [12/Jun/2023:20:23:59 +0000] "OPTIONS /api/shops/getShops HTTP/1.1" 204 0
::1 - - [12/Jun/2023:20:23:59 +0000] "OPTIONS /api/goods/getGoods HTTP/1.1" 204 0
::1 - - [12/Jun/2023:20:23:59 +0000] "GET /api/shops/getShops HTTP/1.1" 304 -
::1 - - [12/Jun/2023:20:23:59 +0000] "GET /api/menu/getMenu HTTP/1.1" 304 -
::1 - - [12/Jun/2023:20:23:59 +0000] "GET /api/goods/getGoods HTTP/1.1" 304 -
::1 - - [12/Jun/2023:20:24:01 +0000] "GET /api/goods/getGoods HTTP/1.1" 304 -
